0
0
1
-1
-1

3
-1
-1

2
4
-1
2
0
J3
1
1
J4
0
-1
2
93
3/Vd|6/Vm|2/Am|4/Vm|6/Vm|In/Am|9/Am
7
-3
J1
7
-3
3/Vd
2
0
1
93
+2/Vd|C4/*|8/Az|2/Vd|7/Am|1/Az|+2/Am
7
-3
J2
7
-3
3/Vd
2
1
-4
-3
1
-4
-4
-4
-4
93
+2/Vd|C4/*|2/Vd|7/Am|1/Az|+2/Am
6
-3
J2
7
-3
8/Az
0
0
93
3/Vd|6/Vm|2/Am|4/Vm|6/Vm|In/Am|9/Am
7
-3
J1
6
-3
8/Az
0
1
-4
-3
1
-4
-4
-4
-4
-4
93
3/Vd|2/Am|4/Vm|6/Vm|In/Am|9/Am
6
-3
J1
6
-3
6/Vm
3
0
93
+2/Vd|C4/*|2/Vd|7/Am|1/Az|+2/Am
6
-3
J2
6
-3
6/Vm
3
1
-4
-3
1
-4
-4
-4
-4
93
+2/Vd|C4/*|7/Am|1/Az|+2/Am
5
-3
J2
6
-3
2/Vd
2
0
1
-3
-5
-4
-4
-4
93
+2/Vd|7/Am|1/Az|+2/Am
4
-3
J2
5
-3
C4/*
4
0
1
-3
1
-4
-4
93
+2/Vd|1/Az|+2/Am
3
-3
J2
4
-3
7/Am
1
0
93
4/Vm|6/Vm|In/Am|9/Am
4
-3
J1
3
-3
7/Am
1
1
-4
-3
1
-4
-4
-4
-4
-4
-4
93
6/Vm|In/Am|9/Am
3
-3
J1
3
-3
4/Vm
3
0
1
-3
1
-4
-4
-4
-4
-4
-4
93
In/Am|9/Am
2
-3
J1
2
-3
6/Vm
3
0
93
1/Az|+2/Am
2
-3
J2
2
-3
6/Vm
3
1
-4
-3
1
-4
-4
-4
93
1/Az
1
-3
J2
2
-3
+2/Am
1
0
93
In/Am|9/Am
2
-3
J1
1
-3
+2/Am
1
1
-4
-3
1
-4
-4
-4
-4
-4
-4
-4
-4
-4
-4
-4
93
9/Am
1
-3
J1
1
-3
In/Am
1
0
1
-3
1
-4
-4
-4
-4
-4
-4
-4
-4
-4
-4
93
null
0
-3
J1
0
-3
9/Am
1
0
-3
-4
-4
-4
-4
-4
-4
-4
-4
-4
93
null
0
-3
J1
0
-3
9/Am
1
0
93
null
0
-3
J2
0
-3
9/Am
1
1
-4
-3
-3
-3
-3
-3
-3
-3
93
null
0
-3
J2
0
-3
9/Am
1
1
93
null
0
-3
J1
0
-3
9/Am
1
0
-3
-4
-4
-4
-4
-4
-4
-4
-4
-4
-4
-4
-4
-4
-4
0
0
91
0/Vd
1
-3
J1
1
-3
9/Am
1
0
91
8/Am
1
-3
J2
1
-3
9/Am
1
1
-4
-3
-3
-3
1
91
null
0
-3
J2
1
-3
8/Am
1
0
91
0/Vd
1
-3
J1
0
-3
8/Am
1
1
-4
-3
1
-4
-4
-4
-4
-4
-4
-4
-4
-4
-4
-4
-4
-4
91
null
0
-3
J1
0
-3
0/Vd
2
0
91
null
0
-3
J2
0
-3
0/Vd
2
1
-4
-3
-3
-3
-3
91
null
0
-3
J2
0
-3
0/Vd
2
1
91
null
0
-3
J1
0
-3
0/Vd
2
0
-3
-4
-4
-4
-4
-4
-4
-4
-4
-4
-4
91
null
0
-3
J1
0
-3
0/Vd
2
0
91
null
0
-3
J2
0
-3
0/Vd
2
1
-4
-3
-3
-3
-3
91
null
0
-3
J2
0
-3
0/Vd
2
1
91
null
0
-3
J1
0
-3
0/Vd
2
0
-3
-4
-4
-4
-4
-4
-4
-4
-4
-4
91
null
0
-3
J1
0
-3
0/Vd
2
0
91
null
0
-3
J2
0
-3
0/Vd
2
1
-4
-3
-3
-3
91
null
0
-3
J2
0
-3
0/Vd
2
1
91
null
0
-3
J1
0
-3
0/Vd
2
0
-3
-4
-4
-4
-4
-4
-4
-4
-4
-4
-4
-4
-4
0
0
89
4/Vd
1
-3
J1
1
-3
0/Vd
2
0
89
+2/Az
1
-3
J2
1
-3
0/Vd
2
1
-4
-3
1
89
null
0
-3
J2
1
-3
+2/Az
0
0
89
4/Vd
1
-3
J1
0
-3
+2/Az
0
1
0
-1
